<?xml version="1.0" encoding="UTF-8"?>
<!-- Generated by org.testng.reporters.JUnitReportReporter -->
<testsuite hostname="LN0C5772E6454B" name="MultiFactorAuth_Email.EmailTest" tests="1" failures="0" timestamp="8 Jul 2018 00:36:02 GMT" time="8.669" errors="0">
  <testcase name="emailTest" time="8.669" classname="MultiFactorAuth_Email.EmailTest"/>
</testsuite> <!-- MultiFactorAuth_Email.EmailTest -->
